{"/home/mobydack/git/js/dataStruct/src/structs/list/LinkedList.ts": {"path":"/home/mobydack/git/js/dataStruct/src/structs/list/LinkedList.ts","statementMap":{"0":{"start":{"line":2,"column":0},"end":{"line":2,"column":34}},"1":{"start":{"line":5,"column":9},"end":{"line":5,"column":32}},"2":{"start":{"line":6,"column":9},"end":{"line":6,"column":31}},"3":{"start":{"line":7,"column":9},"end":{"line":7,"column":29}},"4":{"start":{"line":9,"column":2},"end":{"line":11,"column":5}},"5":{"start":{"line":10,"column":3},"end":{"line":10,"column":19}},"6":{"start":{"line":14,"column":2},"end":{"line":16,"column":null}},"7":{"start":{"line":15,"column":3},"end":{"line":15,"column":10}},"8":{"start":{"line":18,"column":2},"end":{"line":21,"column":null}},"9":{"start":{"line":19,"column":3},"end":{"line":19,"column":27}},"10":{"start":{"line":20,"column":3},"end":{"line":20,"column":21}},"11":{"start":{"line":23,"column":2},"end":{"line":25,"column":null}},"12":{"start":{"line":24,"column":3},"end":{"line":24,"column":10}},"13":{"start":{"line":27,"column":2},"end":{"line":36,"column":null}},"14":{"start":{"line":28,"column":3},"end":{"line":28,"column":21}},"15":{"start":{"line":29,"column":3},"end":{"line":29,"column":25}},"16":{"start":{"line":30,"column":3},"end":{"line":30,"column":22}},"17":{"start":{"line":32,"column":3},"end":{"line":32,"column":26}},"18":{"start":{"line":33,"column":3},"end":{"line":33,"column":25}},"19":{"start":{"line":34,"column":3},"end":{"line":34,"column":30}},"20":{"start":{"line":35,"column":3},"end":{"line":35,"column":21}},"21":{"start":{"line":38,"column":2},"end":{"line":38,"column":17}},"22":{"start":{"line":40,"column":2},"end":{"line":40,"column":15}},"23":{"start":{"line":44,"column":2},"end":{"line":46,"column":null}},"24":{"start":{"line":45,"column":3},"end":{"line":45,"column":10}},"25":{"start":{"line":48,"column":2},"end":{"line":51,"column":null}},"26":{"start":{"line":49,"column":3},"end":{"line":49,"column":27}},"27":{"start":{"line":50,"column":3},"end":{"line":50,"column":21}},"28":{"start":{"line":53,"column":2},"end":{"line":55,"column":null}},"29":{"start":{"line":54,"column":3},"end":{"line":54,"column":10}},"30":{"start":{"line":57,"column":2},"end":{"line":66,"column":null}},"31":{"start":{"line":58,"column":3},"end":{"line":58,"column":25}},"32":{"start":{"line":59,"column":3},"end":{"line":59,"column":21}},"33":{"start":{"line":60,"column":3},"end":{"line":60,"column":23}},"34":{"start":{"line":62,"column":3},"end":{"line":62,"column":34}},"35":{"start":{"line":63,"column":3},"end":{"line":63,"column":21}},"36":{"start":{"line":64,"column":3},"end":{"line":64,"column":29}},"37":{"start":{"line":65,"column":3},"end":{"line":65,"column":24}},"38":{"start":{"line":68,"column":2},"end":{"line":68,"column":17}},"39":{"start":{"line":70,"column":2},"end":{"line":70,"column":15}},"40":{"start":{"line":74,"column":2},"end":{"line":77,"column":null}},"41":{"start":{"line":75,"column":3},"end":{"line":75,"column":27}},"42":{"start":{"line":76,"column":3},"end":{"line":76,"column":21}},"43":{"start":{"line":79,"column":2},"end":{"line":81,"column":null}},"44":{"start":{"line":80,"column":3},"end":{"line":80,"column":10}},"45":{"start":{"line":83,"column":2},"end":{"line":90,"column":null}},"46":{"start":{"line":84,"column":3},"end":{"line":84,"column":23}},"47":{"start":{"line":85,"column":3},"end":{"line":85,"column":22}},"48":{"start":{"line":87,"column":3},"end":{"line":87,"column":27}},"49":{"start":{"line":88,"column":3},"end":{"line":88,"column":32}},"50":{"start":{"line":89,"column":3},"end":{"line":89,"column":23}},"51":{"start":{"line":92,"column":2},"end":{"line":92,"column":17}},"52":{"start":{"line":93,"column":2},"end":{"line":93,"column":15}},"53":{"start":{"line":97,"column":2},"end":{"line":100,"column":null}},"54":{"start":{"line":98,"column":3},"end":{"line":98,"column":27}},"55":{"start":{"line":99,"column":3},"end":{"line":99,"column":21}},"56":{"start":{"line":102,"column":2},"end":{"line":104,"column":null}},"57":{"start":{"line":103,"column":3},"end":{"line":103,"column":10}},"58":{"start":{"line":106,"column":2},"end":{"line":113,"column":null}},"59":{"start":{"line":107,"column":3},"end":{"line":107,"column":23}},"60":{"start":{"line":108,"column":3},"end":{"line":108,"column":22}},"61":{"start":{"line":110,"column":3},"end":{"line":110,"column":31}},"62":{"start":{"line":111,"column":3},"end":{"line":111,"column":27}},"63":{"start":{"line":112,"column":3},"end":{"line":112,"column":22}},"64":{"start":{"line":115,"column":2},"end":{"line":115,"column":17}},"65":{"start":{"line":116,"column":2},"end":{"line":116,"column":15}},"66":{"start":{"line":120,"column":22},"end":{"line":120,"column":33}},"67":{"start":{"line":121,"column":29},"end":{"line":121,"column":33}},"68":{"start":{"line":123,"column":2},"end":{"line":130,"column":null}},"69":{"start":{"line":124,"column":3},"end":{"line":127,"column":null}},"70":{"start":{"line":125,"column":4},"end":{"line":125,"column":23}},"71":{"start":{"line":126,"column":4},"end":{"line":126,"column":13}},"72":{"start":{"line":129,"column":3},"end":{"line":129,"column":20}},"73":{"start":{"line":132,"column":2},"end":{"line":132,"column":21}},"74":{"start":{"line":136,"column":22},"end":{"line":136,"column":32}},"75":{"start":{"line":137,"column":29},"end":{"line":137,"column":33}},"76":{"start":{"line":139,"column":2},"end":{"line":146,"column":null}},"77":{"start":{"line":140,"column":3},"end":{"line":143,"column":null}},"78":{"start":{"line":141,"column":4},"end":{"line":141,"column":23}},"79":{"start":{"line":142,"column":4},"end":{"line":142,"column":13}},"80":{"start":{"line":145,"column":3},"end":{"line":145,"column":24}},"81":{"start":{"line":148,"column":2},"end":{"line":148,"column":21}},"82":{"start":{"line":152,"column":2},"end":{"line":154,"column":null}},"83":{"start":{"line":153,"column":3},"end":{"line":153,"column":10}},"84":{"start":{"line":156,"column":22},"end":{"line":156,"column":33}},"85":{"start":{"line":158,"column":2},"end":{"line":164,"column":null}},"86":{"start":{"line":159,"column":3},"end":{"line":159,"column":22}},"87":{"start":{"line":160,"column":3},"end":{"line":160,"column":21}},"88":{"start":{"line":162,"column":3},"end":{"line":162,"column":38}},"89":{"start":{"line":163,"column":3},"end":{"line":163,"column":36}},"90":{"start":{"line":166,"column":2},"end":{"line":166,"column":29}},"91":{"start":{"line":167,"column":2},"end":{"line":167,"column":23}},"92":{"start":{"line":168,"column":2},"end":{"line":168,"column":17}},"93":{"start":{"line":172,"column":2},"end":{"line":174,"column":null}},"94":{"start":{"line":173,"column":3},"end":{"line":173,"column":10}},"95":{"start":{"line":176,"column":22},"end":{"line":176,"column":32}},"96":{"start":{"line":178,"column":2},"end":{"line":184,"column":null}},"97":{"start":{"line":179,"column":3},"end":{"line":179,"column":22}},"98":{"start":{"line":180,"column":3},"end":{"line":180,"column":21}},"99":{"start":{"line":182,"column":3},"end":{"line":182,"column":38}},"100":{"start":{"line":183,"column":3},"end":{"line":183,"column":39}},"101":{"start":{"line":186,"column":2},"end":{"line":186,"column":29}},"102":{"start":{"line":187,"column":2},"end":{"line":187,"column":23}},"103":{"start":{"line":189,"column":2},"end":{"line":189,"column":17}},"104":{"start":{"line":193,"column":2},"end":{"line":195,"column":null}},"105":{"start":{"line":194,"column":3},"end":{"line":194,"column":16}},"106":{"start":{"line":197,"column":2},"end":{"line":203,"column":null}},"107":{"start":{"line":198,"column":3},"end":{"line":198,"column":28}},"108":{"start":{"line":200,"column":3},"end":{"line":202,"column":null}},"109":{"start":{"line":201,"column":4},"end":{"line":201,"column":17}},"110":{"start":{"line":205,"column":2},"end":{"line":207,"column":null}},"111":{"start":{"line":206,"column":3},"end":{"line":206,"column":16}},"112":{"start":{"line":209,"column":2},"end":{"line":221,"column":null}},"113":{"start":{"line":210,"column":3},"end":{"line":210,"column":22}},"114":{"start":{"line":212,"column":3},"end":{"line":212,"column":15}},"115":{"start":{"line":213,"column":9},"end":{"line":221,"column":null}},"116":{"start":{"line":214,"column":3},"end":{"line":214,"column":21}},"117":{"start":{"line":216,"column":3},"end":{"line":216,"column":15}},"118":{"start":{"line":218,"column":3},"end":{"line":218,"column":40}},"119":{"start":{"line":219,"column":3},"end":{"line":219,"column":36}},"120":{"start":{"line":220,"column":3},"end":{"line":220,"column":22}},"121":{"start":{"line":223,"column":2},"end":{"line":223,"column":17}},"122":{"start":{"line":224,"column":2},"end":{"line":224,"column":14}},"123":{"start":{"line":228,"column":2},"end":{"line":230,"column":null}},"124":{"start":{"line":229,"column":3},"end":{"line":229,"column":22}},"125":{"start":{"line":234,"column":2},"end":{"line":234,"column":29}},"126":{"start":{"line":238,"column":23},"end":{"line":238,"column":39}},"127":{"start":{"line":240,"column":2},"end":{"line":240,"column":31}},"128":{"start":{"line":244,"column":19},"end":{"line":244,"column":21}},"129":{"start":{"line":245,"column":22},"end":{"line":245,"column":33}},"130":{"start":{"line":247,"column":2},"end":{"line":250,"column":null}},"131":{"start":{"line":248,"column":3},"end":{"line":248,"column":24}},"132":{"start":{"line":249,"column":3},"end":{"line":249,"column":20}},"133":{"start":{"line":252,"column":2},"end":{"line":252,"column":13}},"134":{"start":{"line":256,"column":2},"end":{"line":256,"column":22}},"135":{"start":{"line":260,"column":2},"end":{"line":260,"column":21}},"136":{"start":{"line":264,"column":2},"end":{"line":264,"column":20}},"137":{"start":{"line":4,"column":0},"end":{"line":4,"column":13}}},"fnMap":{"0":{"name":"(anonymous_0)","decl":{"start":{"line":8,"column":1},"end":{"line":8,"column":13}},"loc":{"start":{"line":8,"column":29},"end":{"line":12,"column":2}}},"1":{"name":"(anonymous_1)","decl":{"start":{"line":9,"column":17},"end":{"line":9,"column":18}},"loc":{"start":{"line":9,"column":30},"end":{"line":11,"column":3}}},"2":{"name":"(anonymous_2)","decl":{"start":{"line":13,"column":8},"end":{"line":13,"column":16}},"loc":{"start":{"line":13,"column":50},"end":{"line":41,"column":2}}},"3":{"name":"(anonymous_3)","decl":{"start":{"line":43,"column":8},"end":{"line":43,"column":17}},"loc":{"start":{"line":43,"column":51},"end":{"line":71,"column":2}}},"4":{"name":"(anonymous_4)","decl":{"start":{"line":73,"column":8},"end":{"line":73,"column":16}},"loc":{"start":{"line":73,"column":35},"end":{"line":94,"column":2}}},"5":{"name":"(anonymous_5)","decl":{"start":{"line":96,"column":8},"end":{"line":96,"column":15}},"loc":{"start":{"line":96,"column":34},"end":{"line":117,"column":2}}},"6":{"name":"(anonymous_6)","decl":{"start":{"line":119,"column":8},"end":{"line":119,"column":12}},"loc":{"start":{"line":119,"column":21},"end":{"line":133,"column":2}}},"7":{"name":"(anonymous_7)","decl":{"start":{"line":135,"column":8},"end":{"line":135,"column":16}},"loc":{"start":{"line":135,"column":25},"end":{"line":149,"column":2}}},"8":{"name":"(anonymous_8)","decl":{"start":{"line":151,"column":8},"end":{"line":151,"column":19}},"loc":{"start":{"line":151,"column":19},"end":{"line":169,"column":2}}},"9":{"name":"(anonymous_9)","decl":{"start":{"line":171,"column":8},"end":{"line":171,"column":18}},"loc":{"start":{"line":171,"column":18},"end":{"line":190,"column":2}}},"10":{"name":"(anonymous_10)","decl":{"start":{"line":192,"column":8},"end":{"line":192,"column":14}},"loc":{"start":{"line":192,"column":33},"end":{"line":225,"column":2}}},"11":{"name":"(anonymous_11)","decl":{"start":{"line":227,"column":8},"end":{"line":227,"column":13}},"loc":{"start":{"line":227,"column":13},"end":{"line":231,"column":2}}},"12":{"name":"(anonymous_12)","decl":{"start":{"line":233,"column":8},"end":{"line":233,"column":11}},"loc":{"start":{"line":233,"column":30},"end":{"line":235,"column":2}}},"13":{"name":"(anonymous_13)","decl":{"start":{"line":237,"column":8},"end":{"line":237,"column":16}},"loc":{"start":{"line":237,"column":25},"end":{"line":241,"column":2}}},"14":{"name":"(anonymous_14)","decl":{"start":{"line":243,"column":8},"end":{"line":243,"column":15}},"loc":{"start":{"line":243,"column":15},"end":{"line":253,"column":2}}},"15":{"name":"(anonymous_15)","decl":{"start":{"line":255,"column":1},"end":{"line":255,"column":5}},"loc":{"start":{"line":255,"column":11},"end":{"line":257,"column":2}}},"16":{"name":"(anonymous_16)","decl":{"start":{"line":259,"column":1},"end":{"line":259,"column":5}},"loc":{"start":{"line":259,"column":10},"end":{"line":261,"column":2}}},"17":{"name":"(anonymous_17)","decl":{"start":{"line":263,"column":1},"end":{"line":263,"column":5}},"loc":{"start":{"line":263,"column":9},"end":{"line":265,"column":2}}}},"branchMap":{"0":{"loc":{"start":{"line":8,"column":27},"end":{"line":8,"column":29}},"type":"default-arg","locations":[{"start":{"line":8,"column":27},"end":{"line":8,"column":29}}]},"1":{"loc":{"start":{"line":14,"column":2},"end":{"line":16,"column":null}},"type":"if","locations":[{"start":{"line":14,"column":2},"end":{"line":16,"column":null}},{"start":{"line":14,"column":2},"end":{"line":16,"column":null}}]},"2":{"loc":{"start":{"line":14,"column":9},"end":{"line":14,"column":13}},"type":"binary-expr","locations":[{"start":{"line":14,"column":9},"end":{"line":14,"column":13}},{"start":{"line":14,"column":17},"end":{"line":14,"column":35}}]},"3":{"loc":{"start":{"line":18,"column":2},"end":{"line":21,"column":null}},"type":"if","locations":[{"start":{"line":18,"column":2},"end":{"line":21,"column":null}},{"start":{"line":18,"column":2},"end":{"line":21,"column":null}}]},"4":{"loc":{"start":{"line":23,"column":2},"end":{"line":25,"column":null}},"type":"if","locations":[{"start":{"line":23,"column":2},"end":{"line":25,"column":null}},{"start":{"line":23,"column":2},"end":{"line":25,"column":null}}]},"5":{"loc":{"start":{"line":27,"column":2},"end":{"line":36,"column":null}},"type":"if","locations":[{"start":{"line":27,"column":2},"end":{"line":36,"column":null}},{"start":{"line":27,"column":2},"end":{"line":36,"column":null}}]},"6":{"loc":{"start":{"line":44,"column":2},"end":{"line":46,"column":null}},"type":"if","locations":[{"start":{"line":44,"column":2},"end":{"line":46,"column":null}},{"start":{"line":44,"column":2},"end":{"line":46,"column":null}}]},"7":{"loc":{"start":{"line":44,"column":9},"end":{"line":44,"column":13}},"type":"binary-expr","locations":[{"start":{"line":44,"column":9},"end":{"line":44,"column":13}},{"start":{"line":44,"column":17},"end":{"line":44,"column":35}}]},"8":{"loc":{"start":{"line":48,"column":2},"end":{"line":51,"column":null}},"type":"if","locations":[{"start":{"line":48,"column":2},"end":{"line":51,"column":null}},{"start":{"line":48,"column":2},"end":{"line":51,"column":null}}]},"9":{"loc":{"start":{"line":53,"column":2},"end":{"line":55,"column":null}},"type":"if","locations":[{"start":{"line":53,"column":2},"end":{"line":55,"column":null}},{"start":{"line":53,"column":2},"end":{"line":55,"column":null}}]},"10":{"loc":{"start":{"line":57,"column":2},"end":{"line":66,"column":null}},"type":"if","locations":[{"start":{"line":57,"column":2},"end":{"line":66,"column":null}},{"start":{"line":57,"column":2},"end":{"line":66,"column":null}}]},"11":{"loc":{"start":{"line":74,"column":2},"end":{"line":77,"column":null}},"type":"if","locations":[{"start":{"line":74,"column":2},"end":{"line":77,"column":null}},{"start":{"line":74,"column":2},"end":{"line":77,"column":null}}]},"12":{"loc":{"start":{"line":79,"column":2},"end":{"line":81,"column":null}},"type":"if","locations":[{"start":{"line":79,"column":2},"end":{"line":81,"column":null}},{"start":{"line":79,"column":2},"end":{"line":81,"column":null}}]},"13":{"loc":{"start":{"line":83,"column":2},"end":{"line":90,"column":null}},"type":"if","locations":[{"start":{"line":83,"column":2},"end":{"line":90,"column":null}},{"start":{"line":83,"column":2},"end":{"line":90,"column":null}}]},"14":{"loc":{"start":{"line":97,"column":2},"end":{"line":100,"column":null}},"type":"if","locations":[{"start":{"line":97,"column":2},"end":{"line":100,"column":null}},{"start":{"line":97,"column":2},"end":{"line":100,"column":null}}]},"15":{"loc":{"start":{"line":102,"column":2},"end":{"line":104,"column":null}},"type":"if","locations":[{"start":{"line":102,"column":2},"end":{"line":104,"column":null}},{"start":{"line":102,"column":2},"end":{"line":104,"column":null}}]},"16":{"loc":{"start":{"line":106,"column":2},"end":{"line":113,"column":null}},"type":"if","locations":[{"start":{"line":106,"column":2},"end":{"line":113,"column":null}},{"start":{"line":106,"column":2},"end":{"line":113,"column":null}}]},"17":{"loc":{"start":{"line":123,"column":9},"end":{"line":123,"column":13}},"type":"binary-expr","locations":[{"start":{"line":123,"column":9},"end":{"line":123,"column":13}},{"start":{"line":123,"column":17},"end":{"line":123,"column":30}}]},"18":{"loc":{"start":{"line":124,"column":3},"end":{"line":127,"column":null}},"type":"if","locations":[{"start":{"line":124,"column":3},"end":{"line":127,"column":null}},{"start":{"line":124,"column":3},"end":{"line":127,"column":null}}]},"19":{"loc":{"start":{"line":139,"column":9},"end":{"line":139,"column":13}},"type":"binary-expr","locations":[{"start":{"line":139,"column":9},"end":{"line":139,"column":13}},{"start":{"line":139,"column":17},"end":{"line":139,"column":30}}]},"20":{"loc":{"start":{"line":140,"column":3},"end":{"line":143,"column":null}},"type":"if","locations":[{"start":{"line":140,"column":3},"end":{"line":143,"column":null}},{"start":{"line":140,"column":3},"end":{"line":143,"column":null}}]},"21":{"loc":{"start":{"line":152,"column":2},"end":{"line":154,"column":null}},"type":"if","locations":[{"start":{"line":152,"column":2},"end":{"line":154,"column":null}},{"start":{"line":152,"column":2},"end":{"line":154,"column":null}}]},"22":{"loc":{"start":{"line":158,"column":2},"end":{"line":164,"column":null}},"type":"if","locations":[{"start":{"line":158,"column":2},"end":{"line":164,"column":null}},{"start":{"line":158,"column":2},"end":{"line":164,"column":null}}]},"23":{"loc":{"start":{"line":172,"column":2},"end":{"line":174,"column":null}},"type":"if","locations":[{"start":{"line":172,"column":2},"end":{"line":174,"column":null}},{"start":{"line":172,"column":2},"end":{"line":174,"column":null}}]},"24":{"loc":{"start":{"line":178,"column":2},"end":{"line":184,"column":null}},"type":"if","locations":[{"start":{"line":178,"column":2},"end":{"line":184,"column":null}},{"start":{"line":178,"column":2},"end":{"line":184,"column":null}}]},"25":{"loc":{"start":{"line":193,"column":2},"end":{"line":195,"column":null}},"type":"if","locations":[{"start":{"line":193,"column":2},"end":{"line":195,"column":null}},{"start":{"line":193,"column":2},"end":{"line":195,"column":null}}]},"26":{"loc":{"start":{"line":197,"column":2},"end":{"line":203,"column":null}},"type":"if","locations":[{"start":{"line":197,"column":2},"end":{"line":203,"column":null}},{"start":{"line":197,"column":2},"end":{"line":203,"column":null}}]},"27":{"loc":{"start":{"line":200,"column":3},"end":{"line":202,"column":null}},"type":"if","locations":[{"start":{"line":200,"column":3},"end":{"line":202,"column":null}},{"start":{"line":200,"column":3},"end":{"line":202,"column":null}}]},"28":{"loc":{"start":{"line":205,"column":2},"end":{"line":207,"column":null}},"type":"if","locations":[{"start":{"line":205,"column":2},"end":{"line":207,"column":null}},{"start":{"line":205,"column":2},"end":{"line":207,"column":null}}]},"29":{"loc":{"start":{"line":209,"column":2},"end":{"line":221,"column":null}},"type":"if","locations":[{"start":{"line":209,"column":2},"end":{"line":221,"column":null}},{"start":{"line":209,"column":2},"end":{"line":221,"column":null}}]},"30":{"loc":{"start":{"line":213,"column":9},"end":{"line":221,"column":null}},"type":"if","locations":[{"start":{"line":213,"column":9},"end":{"line":221,"column":null}},{"start":{"line":213,"column":9},"end":{"line":221,"column":null}}]}},"s":{"0":1,"1":14,"2":14,"3":14,"4":14,"5":9,"6":1,"7":0,"8":1,"9":1,"10":1,"11":1,"12":0,"13":1,"14":0,"15":0,"16":0,"17":1,"18":1,"19":1,"20":1,"21":1,"22":1,"23":1,"24":0,"25":1,"26":1,"27":1,"28":1,"29":0,"30":1,"31":0,"32":0,"33":0,"34":1,"35":1,"36":1,"37":1,"38":1,"39":1,"40":1,"41":1,"42":1,"43":1,"44":0,"45":1,"46":0,"47":0,"48":1,"49":1,"50":1,"51":1,"52":1,"53":38,"54":38,"55":38,"56":38,"57":0,"58":38,"59":14,"60":14,"61":24,"62":24,"63":24,"64":38,"65":38,"66":2,"67":2,"68":2,"69":5,"70":2,"71":2,"72":3,"73":2,"74":1,"75":1,"76":1,"77":2,"78":1,"79":1,"80":1,"81":1,"82":4,"83":0,"84":4,"85":4,"86":1,"87":1,"88":3,"89":3,"90":4,"91":4,"92":4,"93":2,"94":0,"95":2,"96":2,"97":0,"98":0,"99":2,"100":2,"101":2,"102":2,"103":2,"104":1,"105":0,"106":1,"107":0,"108":0,"109":0,"110":1,"111":0,"112":1,"113":0,"114":0,"115":1,"116":1,"117":1,"118":0,"119":0,"120":0,"121":0,"122":0,"123":1,"124":3,"125":37,"126":1,"127":1,"128":1,"129":1,"130":1,"131":3,"132":3,"133":1,"134":6,"135":5,"136":2,"137":1},"f":{"0":14,"1":9,"2":1,"3":1,"4":1,"5":38,"6":2,"7":1,"8":4,"9":2,"10":1,"11":1,"12":37,"13":1,"14":1,"15":6,"16":5,"17":2},"b":{"0":[11],"1":[0,1],"2":[1,1],"3":[1,0],"4":[0,1],"5":[0,1],"6":[0,1],"7":[1,1],"8":[1,0],"9":[0,1],"10":[0,1],"11":[1,0],"12":[0,1],"13":[0,1],"14":[38,0],"15":[0,38],"16":[14,24],"17":[7,7],"18":[2,3],"19":[3,3],"20":[1,1],"21":[0,4],"22":[1,3],"23":[0,2],"24":[0,2],"25":[0,1],"26":[0,1],"27":[0,0],"28":[0,1],"29":[0,1],"30":[1,0]}}
,"/home/mobydack/git/js/dataStruct/src/structs/list/ListNode.ts": {"path":"/home/mobydack/git/js/dataStruct/src/structs/list/ListNode.ts","statementMap":{"0":{"start":{"line":5,"column":8},"end":{"line":5,"column":29}},"1":{"start":{"line":6,"column":8},"end":{"line":6,"column":33}},"2":{"start":{"line":7,"column":8},"end":{"line":7,"column":24}},"3":{"start":{"line":8,"column":8},"end":{"line":8,"column":35}},"4":{"start":{"line":11,"column":2},"end":{"line":11,"column":21}},"5":{"start":{"line":15,"column":2},"end":{"line":15,"column":19}},"6":{"start":{"line":16,"column":2},"end":{"line":16,"column":23}},"7":{"start":{"line":17,"column":2},"end":{"line":17,"column":20}},"8":{"start":{"line":18,"column":2},"end":{"line":18,"column":19}},"9":{"start":{"line":4,"column":0},"end":{"line":4,"column":13}}},"fnMap":{"0":{"name":"(anonymous_0)","decl":{"start":{"line":10,"column":1},"end":{"line":10,"column":13}},"loc":{"start":{"line":10,"column":28},"end":{"line":12,"column":2}}},"1":{"name":"(anonymous_1)","decl":{"start":{"line":14,"column":8},"end":{"line":14,"column":18}},"loc":{"start":{"line":14,"column":18},"end":{"line":19,"column":2}}}},"branchMap":{"0":{"loc":{"start":{"line":10,"column":24},"end":{"line":10,"column":28}},"type":"default-arg","locations":[{"start":{"line":10,"column":24},"end":{"line":10,"column":28}}]}},"s":{"0":41,"1":41,"2":41,"3":41,"4":41,"5":6,"6":6,"7":6,"8":6,"9":1},"f":{"0":41,"1":6},"b":{"0":[0]}}
,"/home/mobydack/git/js/dataStruct/src/structs/stack/index.ts": {"path":"/home/mobydack/git/js/dataStruct/src/structs/stack/index.ts","statementMap":{"0":{"start":{"line":4,"column":17},"end":{"line":4,"column":37}},"1":{"start":{"line":6,"column":2},"end":{"line":6,"column":29}},"2":{"start":{"line":9,"column":2},"end":{"line":9,"column":40}},"3":{"start":{"line":12,"column":2},"end":{"line":12,"column":29}},"4":{"start":{"line":15,"column":2},"end":{"line":15,"column":30}},"5":{"start":{"line":18,"column":2},"end":{"line":18,"column":33}},"6":{"start":{"line":21,"column":16},"end":{"line":21,"column":17}},"7":{"start":{"line":22,"column":15},"end":{"line":22,"column":40}},"8":{"start":{"line":23,"column":2},"end":{"line":35,"column":4}},"9":{"start":{"line":25,"column":37},"end":{"line":25,"column":49}},"10":{"start":{"line":26,"column":4},"end":{"line":33,"column":null}},"11":{"start":{"line":27,"column":5},"end":{"line":27,"column":38}},"12":{"start":{"line":28,"column":5},"end":{"line":28,"column":15}},"13":{"start":{"line":29,"column":5},"end":{"line":29,"column":17}},"14":{"start":{"line":31,"column":5},"end":{"line":31,"column":22}},"15":{"start":{"line":32,"column":5},"end":{"line":32,"column":18}},"16":{"start":{"line":38,"column":2},"end":{"line":38,"column":28}},"17":{"start":{"line":41,"column":2},"end":{"line":41,"column":29}},"18":{"start":{"line":44,"column":2},"end":{"line":44,"column":31}},"19":{"start":{"line":47,"column":2},"end":{"line":47,"column":41}},"20":{"start":{"line":3,"column":0},"end":{"line":3,"column":13}}},"fnMap":{"0":{"name":"(anonymous_0)","decl":{"start":{"line":5,"column":1},"end":{"line":5,"column":13}},"loc":{"start":{"line":5,"column":25},"end":{"line":7,"column":2}}},"1":{"name":"(anonymous_1)","decl":{"start":{"line":8,"column":8},"end":{"line":8,"column":15}},"loc":{"start":{"line":8,"column":15},"end":{"line":10,"column":2}}},"2":{"name":"(anonymous_2)","decl":{"start":{"line":11,"column":8},"end":{"line":11,"column":12}},"loc":{"start":{"line":11,"column":21},"end":{"line":13,"column":2}}},"3":{"name":"(anonymous_3)","decl":{"start":{"line":14,"column":8},"end":{"line":14,"column":11}},"loc":{"start":{"line":14,"column":11},"end":{"line":16,"column":2}}},"4":{"name":"(anonymous_4)","decl":{"start":{"line":17,"column":8},"end":{"line":17,"column":14}},"loc":{"start":{"line":17,"column":14},"end":{"line":19,"column":2}}},"5":{"name":"(anonymous_5)","decl":{"start":{"line":20,"column":8},"end":{"line":20,"column":9}},"loc":{"start":{"line":20,"column":25},"end":{"line":36,"column":2}}},"6":{"name":"(anonymous_6)","decl":{"start":{"line":24,"column":3},"end":{"line":24,"column":7}},"loc":{"start":{"line":24,"column":7},"end":{"line":34,"column":4}}},"7":{"name":"(anonymous_7)","decl":{"start":{"line":37,"column":8},"end":{"line":37,"column":13}},"loc":{"start":{"line":37,"column":13},"end":{"line":39,"column":2}}},"8":{"name":"(anonymous_8)","decl":{"start":{"line":40,"column":8},"end":{"line":40,"column":15}},"loc":{"start":{"line":40,"column":15},"end":{"line":42,"column":2}}},"9":{"name":"(anonymous_9)","decl":{"start":{"line":43,"column":1},"end":{"line":43,"column":5}},"loc":{"start":{"line":43,"column":11},"end":{"line":45,"column":2}}},"10":{"name":"(anonymous_10)","decl":{"start":{"line":46,"column":1},"end":{"line":46,"column":5}},"loc":{"start":{"line":46,"column":9},"end":{"line":48,"column":2}}}},"branchMap":{"0":{"loc":{"start":{"line":26,"column":4},"end":{"line":33,"column":null}},"type":"if","locations":[{"start":{"line":26,"column":4},"end":{"line":33,"column":null}},{"start":{"line":26,"column":4},"end":{"line":33,"column":null}}]}},"s":{"0":7,"1":7,"2":0,"3":1,"4":1,"5":0,"6":0,"7":0,"8":0,"9":0,"10":0,"11":0,"12":0,"13":0,"14":0,"15":0,"16":1,"17":4,"18":2,"19":0,"20":1},"f":{"0":7,"1":0,"2":1,"3":1,"4":0,"5":0,"6":0,"7":1,"8":4,"9":2,"10":0},"b":{"0":[0,0]}}
}
