TN:
SF:/home/mobydack/git/js/dataStruct/src/structs/deque/Deque.ts
FN:5,(anonymous_0)
FN:9,(anonymous_1)
FN:13,(anonymous_2)
FN:17,(anonymous_3)
FNF:4
FNH:4
FNDA:4,(anonymous_0)
FNDA:1,(anonymous_1)
FNDA:1,(anonymous_2)
FNDA:2,(anonymous_3)
DA:1,1
DA:4,1
DA:6,4
DA:10,1
DA:14,1
DA:18,2
DA:20,2
DA:21,1
DA:24,1
LF:9
LH:9
BRDA:5,0,0,1
BRDA:20,1,0,1
BRDA:20,1,1,1
BRF:3
BRH:3
end_of_record
TN:
SF:/home/mobydack/git/js/dataStruct/src/structs/list/LinkedList.ts
FN:8,(anonymous_0)
FN:9,(anonymous_1)
FN:13,(anonymous_2)
FN:43,(anonymous_3)
FN:73,(anonymous_4)
FN:96,(anonymous_5)
FN:119,(anonymous_6)
FN:135,(anonymous_7)
FN:151,(anonymous_8)
FN:171,(anonymous_9)
FN:192,(anonymous_10)
FN:227,(anonymous_11)
FN:233,(anonymous_12)
FN:237,(anonymous_13)
FN:243,(anonymous_14)
FN:255,(anonymous_15)
FN:259,(anonymous_16)
FN:263,(anonymous_17)
FNF:18
FNH:18
FNDA:14,(anonymous_0)
FNDA:9,(anonymous_1)
FNDA:1,(anonymous_2)
FNDA:1,(anonymous_3)
FNDA:1,(anonymous_4)
FNDA:38,(anonymous_5)
FNDA:2,(anonymous_6)
FNDA:1,(anonymous_7)
FNDA:4,(anonymous_8)
FNDA:2,(anonymous_9)
FNDA:1,(anonymous_10)
FNDA:1,(anonymous_11)
FNDA:37,(anonymous_12)
FNDA:1,(anonymous_13)
FNDA:1,(anonymous_14)
FNDA:6,(anonymous_15)
FNDA:5,(anonymous_16)
FNDA:2,(anonymous_17)
DA:2,1
DA:4,1
DA:5,14
DA:6,14
DA:7,14
DA:9,14
DA:10,9
DA:14,1
DA:15,0
DA:18,1
DA:19,1
DA:20,1
DA:23,1
DA:24,0
DA:27,1
DA:28,0
DA:29,0
DA:30,0
DA:32,1
DA:33,1
DA:34,1
DA:35,1
DA:38,1
DA:40,1
DA:44,1
DA:45,0
DA:48,1
DA:49,1
DA:50,1
DA:53,1
DA:54,0
DA:57,1
DA:58,0
DA:59,0
DA:60,0
DA:62,1
DA:63,1
DA:64,1
DA:65,1
DA:68,1
DA:70,1
DA:74,1
DA:75,1
DA:76,1
DA:79,1
DA:80,0
DA:83,1
DA:84,0
DA:85,0
DA:87,1
DA:88,1
DA:89,1
DA:92,1
DA:93,1
DA:97,38
DA:98,38
DA:99,38
DA:102,38
DA:103,0
DA:106,38
DA:107,14
DA:108,14
DA:110,24
DA:111,24
DA:112,24
DA:115,38
DA:116,38
DA:120,2
DA:121,2
DA:123,2
DA:124,5
DA:125,2
DA:126,2
DA:129,3
DA:132,2
DA:136,1
DA:137,1
DA:139,1
DA:140,2
DA:141,1
DA:142,1
DA:145,1
DA:148,1
DA:152,4
DA:153,0
DA:156,4
DA:158,4
DA:159,1
DA:160,1
DA:162,3
DA:163,3
DA:166,4
DA:167,4
DA:168,4
DA:172,2
DA:173,0
DA:176,2
DA:178,2
DA:179,0
DA:180,0
DA:182,2
DA:183,2
DA:186,2
DA:187,2
DA:189,2
DA:193,1
DA:194,0
DA:197,1
DA:198,0
DA:200,0
DA:201,0
DA:205,1
DA:206,0
DA:209,1
DA:210,0
DA:212,0
DA:213,1
DA:214,1
DA:216,1
DA:218,0
DA:219,0
DA:220,0
DA:223,0
DA:224,0
DA:228,1
DA:229,3
DA:234,37
DA:238,1
DA:240,1
DA:244,1
DA:245,1
DA:247,1
DA:248,3
DA:249,3
DA:252,1
DA:256,6
DA:260,5
DA:264,2
LF:138
LH:108
BRDA:8,0,0,11
BRDA:14,1,0,0
BRDA:14,1,1,1
BRDA:14,2,0,1
BRDA:14,2,1,1
BRDA:18,3,0,1
BRDA:18,3,1,0
BRDA:23,4,0,0
BRDA:23,4,1,1
BRDA:27,5,0,0
BRDA:27,5,1,1
BRDA:44,6,0,0
BRDA:44,6,1,1
BRDA:44,7,0,1
BRDA:44,7,1,1
BRDA:48,8,0,1
BRDA:48,8,1,0
BRDA:53,9,0,0
BRDA:53,9,1,1
BRDA:57,10,0,0
BRDA:57,10,1,1
BRDA:74,11,0,1
BRDA:74,11,1,0
BRDA:79,12,0,0
BRDA:79,12,1,1
BRDA:83,13,0,0
BRDA:83,13,1,1
BRDA:97,14,0,38
BRDA:97,14,1,0
BRDA:102,15,0,0
BRDA:102,15,1,38
BRDA:106,16,0,14
BRDA:106,16,1,24
BRDA:123,17,0,7
BRDA:123,17,1,7
BRDA:124,18,0,2
BRDA:124,18,1,3
BRDA:139,19,0,3
BRDA:139,19,1,3
BRDA:140,20,0,1
BRDA:140,20,1,1
BRDA:152,21,0,0
BRDA:152,21,1,4
BRDA:158,22,0,1
BRDA:158,22,1,3
BRDA:172,23,0,0
BRDA:172,23,1,2
BRDA:178,24,0,0
BRDA:178,24,1,2
BRDA:193,25,0,0
BRDA:193,25,1,1
BRDA:197,26,0,0
BRDA:197,26,1,1
BRDA:200,27,0,0
BRDA:200,27,1,0
BRDA:205,28,0,0
BRDA:205,28,1,1
BRDA:209,29,0,0
BRDA:209,29,1,1
BRDA:213,30,0,1
BRDA:213,30,1,0
BRF:61
BRH:38
end_of_record
TN:
SF:/home/mobydack/git/js/dataStruct/src/structs/list/ListNode.ts
FN:10,(anonymous_0)
FN:14,(anonymous_1)
FNF:2
FNH:2
FNDA:41,(anonymous_0)
FNDA:6,(anonymous_1)
DA:4,1
DA:5,41
DA:6,41
DA:7,41
DA:8,41
DA:11,41
DA:15,6
DA:16,6
DA:17,6
DA:18,6
LF:10
LH:10
BRDA:10,0,0,0
BRF:1
BRH:0
end_of_record
TN:
SF:/home/mobydack/git/js/dataStruct/src/structs/queue/Queue.ts
FN:6,(anonymous_0)
FN:10,(anonymous_1)
FN:14,(anonymous_2)
FN:18,(anonymous_3)
FN:26,(anonymous_4)
FN:30,(anonymous_5)
FN:34,(anonymous_6)
FN:38,(anonymous_7)
FN:42,(anonymous_8)
FN:47,(anonymous_9)
FNF:10
FNH:10
FNDA:13,(anonymous_0)
FNDA:2,(anonymous_1)
FNDA:2,(anonymous_2)
FNDA:7,(anonymous_3)
FNDA:1,(anonymous_4)
FNDA:1,(anonymous_5)
FNDA:1,(anonymous_6)
FNDA:2,(anonymous_7)
FNDA:1,(anonymous_8)
FNDA:8,(anonymous_9)
DA:3,2
DA:4,13
DA:7,13
DA:11,2
DA:15,2
DA:19,7
DA:20,1
DA:23,6
DA:27,1
DA:31,1
DA:35,1
DA:39,2
DA:43,1
DA:44,1
DA:48,8
LF:15
LH:15
BRDA:6,0,0,2
BRDA:19,1,0,1
BRDA:19,1,1,6
BRF:3
BRH:3
end_of_record
TN:
SF:/home/mobydack/git/js/dataStruct/src/structs/stack/index.ts
FN:5,(anonymous_0)
FN:8,(anonymous_1)
FN:11,(anonymous_2)
FN:14,(anonymous_3)
FN:17,(anonymous_4)
FN:20,(anonymous_5)
FN:24,(anonymous_6)
FN:37,(anonymous_7)
FN:40,(anonymous_8)
FN:43,(anonymous_9)
FN:46,(anonymous_10)
FNF:11
FNH:6
FNDA:7,(anonymous_0)
FNDA:0,(anonymous_1)
FNDA:1,(anonymous_2)
FNDA:1,(anonymous_3)
FNDA:0,(anonymous_4)
FNDA:0,(anonymous_5)
FNDA:0,(anonymous_6)
FNDA:1,(anonymous_7)
FNDA:4,(anonymous_8)
FNDA:2,(anonymous_9)
FNDA:0,(anonymous_10)
DA:3,1
DA:4,7
DA:6,7
DA:9,0
DA:12,1
DA:15,1
DA:18,0
DA:21,0
DA:22,0
DA:23,0
DA:25,0
DA:26,0
DA:27,0
DA:28,0
DA:29,0
DA:31,0
DA:32,0
DA:38,1
DA:41,4
DA:44,2
DA:47,0
LF:21
LH:8
BRDA:26,0,0,0
BRDA:26,0,1,0
BRF:2
BRH:0
end_of_record
